<?xml version="1.0" encoding="UTF-8"?>
<!-- Generated by org.testng.reporters.JUnitReportReporter -->
<testsuite hostname="DESKTOP-5Q3H8H3" failures="0" tests="1" name="AlertTest" time="1.640" errors="0" timestamp="2020-04-12T17:15:57 MSK" skipped="0">
  <testcase classname="AlertTest" name="alertTest" time="1.640"/>
  <system-out/>
</testsuite> <!-- AlertTest -->
